2020-06-27 11:17:37,382 WARN org.springframework.boot.StartupInfoLogger [restartedMain] InetAddress.getLocalHost().getHostName() took 5001 milliseconds to respond. Please verify your network configuration (macOS machines may need to add entries to /etc/hosts).
2020-06-27 11:17:42,396 INFO org.springframework.boot.StartupInfoLogger [restartedMain] Starting SlamBookApplication on Ashwanis-MacBook-Pro.local with PID 24009 (/Users/ashwani/Desktop/Projects/Spring/SlamBook/target/classes started by ashwani in /Users/ashwani/Desktop/Projects/Spring/SlamBook)
2020-06-27 11:17:42,398 DEBUG org.springframework.boot.StartupInfoLogger [restartedMain] Running with Spring Boot v2.2.7.RELEASE, Spring v5.2.6.RELEASE
2020-06-27 11:17:42,398 INFO org.springframework.boot.SpringApplication [restartedMain] No active profile set, falling back to default profiles: default
2020-06-27 11:17:42,462 INFO org.springframework.boot.logging.DeferredLog [restartedMain] Devtools property defaults active! Set 'spring.devtools.add-properties' to 'false' to disable
2020-06-27 11:17:42,463 INFO org.springframework.boot.logging.DeferredLog [restartedMain] For additional web related logging consider setting the 'logging.level.web' property to 'DEBUG'
2020-06-27 11:17:43,512 INFO org.springframework.data.repository.config.RepositoryConfigurationDelegate [restartedMain] Bootstrapping Spring Data JPA repositories in DEFAULT mode.
2020-06-27 11:17:43,587 INFO org.springframework.data.repository.config.RepositoryConfigurationDelegate [restartedMain] Finished Spring Data repository scanning in 63ms. Found 3 JPA repository interfaces.
2020-06-27 11:17:44,105 INFO org.springframework.boot.web.embedded.tomcat.TomcatWebServer [restartedMain] Tomcat initialized with port(s): 8080 (http)
2020-06-27 11:17:44,118 INFO org.apache.juli.logging.DirectJDKLog [restartedMain] Starting service [Tomcat]
2020-06-27 11:17:44,118 INFO org.apache.juli.logging.DirectJDKLog [restartedMain] Starting Servlet engine: [Apache Tomcat/9.0.34]
2020-06-27 11:17:44,209 INFO org.apache.juli.logging.DirectJDKLog [restartedMain] Initializing Spring embedded WebApplicationContext
2020-06-27 11:17:44,209 INFO org.springframework.boot.web.servlet.context.ServletWebServerApplicationContext [restartedMain] Root WebApplicationContext: initialization completed in 1746 ms
2020-06-27 11:17:44,607 INFO org.hibernate.jpa.internal.util.LogHelper [restartedMain] HHH000204: Processing PersistenceUnitInfo [name: default]
2020-06-27 11:17:44,690 INFO org.hibernate.Version [restartedMain] HHH000412: Hibernate ORM core version 5.4.15.Final
2020-06-27 11:17:44,843 INFO org.hibernate.annotations.common.reflection.java.JavaReflectionManager [restartedMain] HCANN000001: Hibernate Commons Annotations {5.1.0.Final}
2020-06-27 11:17:44,928 INFO com.zaxxer.hikari.HikariDataSource [restartedMain] HikariPool-1 - Starting...
2020-06-27 11:17:45,280 INFO com.zaxxer.hikari.HikariDataSource [restartedMain] HikariPool-1 - Start completed.
2020-06-27 11:17:45,299 INFO org.hibernate.dialect.Dialect [restartedMain] HHH000400: Using dialect: org.hibernate.dialect.MySQL8Dialect
2020-06-27 11:17:46,344 INFO org.hibernate.engine.transaction.jta.platform.internal.JtaPlatformInitiator [restartedMain] HHH000490: Using JtaPlatform implementation: [org.hibernate.engine.transaction.jta.platform.internal.NoJtaPlatform]
2020-06-27 11:17:46,354 INFO org.springframework.orm.jpa.AbstractEntityManagerFactoryBean [restartedMain] Initialized JPA EntityManagerFactory for persistence unit 'default'
2020-06-27 11:17:46,388 INFO org.springframework.boot.devtools.autoconfigure.OptionalLiveReloadServer [restartedMain] LiveReload server is running on port 35729
2020-06-27 11:17:46,973 WARN org.springframework.boot.autoconfigure.orm.jpa.JpaBaseConfiguration$JpaWebConfiguration [restartedMain] spring.jpa.open-in-view is enabled by default. Therefore, database queries may be performed during view rendering. Explicitly configure spring.jpa.open-in-view to disable this warning
2020-06-27 11:17:47,250 INFO org.springframework.boot.actuate.endpoint.web.EndpointLinksResolver [restartedMain] Exposing 2 endpoint(s) beneath base path '/actuator'
2020-06-27 11:17:47,308 INFO springfox.documentation.spring.web.PropertySourcedRequestMappingHandlerMapping [restartedMain] Mapped URL path [/v2/api-docs] onto method [springfox.documentation.swagger2.web.Swagger2Controller#getDocumentation(String, HttpServletRequest)]
2020-06-27 11:17:47,394 INFO org.springframework.scheduling.concurrent.ExecutorConfigurationSupport [restartedMain] Initializing ExecutorService 'applicationTaskExecutor'
2020-06-27 11:17:47,594 INFO springfox.documentation.spring.web.plugins.DocumentationPluginsBootstrapper [restartedMain] Context refreshed
2020-06-27 11:17:47,618 INFO springfox.documentation.spring.web.plugins.DocumentationPluginsBootstrapper [restartedMain] Found 1 custom documentation plugin(s)
2020-06-27 11:17:47,640 INFO springfox.documentation.spring.web.scanners.ApiListingReferenceScanner [restartedMain] Scanning for api listing references
2020-06-27 11:17:47,787 INFO springfox.documentation.spring.web.readers.operation.CachingOperationNameGenerator [restartedMain] Generating unique operation named: handleUsingGET_1
2020-06-27 11:17:47,788 INFO springfox.documentation.spring.web.readers.operation.CachingOperationNameGenerator [restartedMain] Generating unique operation named: handleUsingGET_2
2020-06-27 11:17:47,842 INFO org.springframework.boot.web.embedded.tomcat.TomcatWebServer [restartedMain] Tomcat started on port(s): 8080 (http) with context path ''
2020-06-27 11:17:47,845 INFO org.springframework.boot.StartupInfoLogger [restartedMain] Started SlamBookApplication in 25.779 seconds (JVM running for 31.821)
2020-06-27 11:17:49,067 INFO org.apache.juli.logging.DirectJDKLog [RMI TCP Connection(1)-127.0.0.1] Initializing Spring DispatcherServlet 'dispatcherServlet'
2020-06-27 11:17:49,068 INFO org.springframework.web.servlet.FrameworkServlet [RMI TCP Connection(1)-127.0.0.1] Initializing Servlet 'dispatcherServlet'
2020-06-27 11:17:49,076 INFO org.springframework.web.servlet.FrameworkServlet [RMI TCP Connection(1)-127.0.0.1] Completed initialization in 7 ms
2020-06-27 11:17:55,443 INFO com.ashwani.slambook.intercepter.LoggingServiceImpl [http-nio-8080-exec-1] REQUEST method=[POST] path=[/login] headers=[{sec-fetch-mode=cors, content-length=45, referer=http://localhost:3000/, sec-fetch-site=same-site, accept-language=en-GB,en-US;q=0.9,en;q=0.8, origin=http://localhost:3000, accept=application/json, text/plain, */*, host=localhost:8080, connection=keep-alive, content-type=application/json;charset=UTF-8, accept-encoding=gzip, deflate, br, user-agent=Mozilla/5.0 (Macintosh; Intel Mac OS X 10_15_5) AppleWebKit/537.36 (KHTML, like Gecko) Chrome/83.0.4103.106 Safari/537.36, sec-fetch-dest=empty}] body=[com.ashwani.slambook.model.request.LoginRequest@1aea6264]
2020-06-27 11:17:55,600 INFO com.ashwani.slambook.intercepter.LoggingServiceImpl [http-nio-8080-exec-1] RESPONSE method=[POST] path=[/login] responseHeaders=[{Access-Control-Allow-Origin=*, Vary=Origin}] responseBody=[LoginResponse [httpStatus=200 OK, Status=SUCCESS, responseCode=200, responseDescription=Authentication Successful]] 
2020-06-27 11:17:57,696 INFO com.ashwani.slambook.intercepter.LoggingServiceImpl [http-nio-8080-exec-3] REQUEST method=[POST] path=[/getuserdetails] headers=[{sec-fetch-mode=cors, content-length=166, referer=http://localhost:3000/profile/ashwani, sec-fetch-site=same-site, accept-language=en-GB,en-US;q=0.9,en;q=0.8, origin=http://localhost:3000, accept=application/json, text/plain, */*, host=localhost:8080, connection=keep-alive, content-type=application/json;charset=UTF-8, accept-encoding=gzip, deflate, br, user-agent=Mozilla/5.0 (Macintosh; Intel Mac OS X 10_15_5) AppleWebKit/537.36 (KHTML, like Gecko) Chrome/83.0.4103.106 Safari/537.36, sec-fetch-dest=empty}] body=[com.ashwani.slambook.model.request.GetUserRequest@3d0d1b35]
2020-06-27 11:17:57,696 INFO com.ashwani.slambook.util.JWTUtil [http-nio-8080-exec-3] token : eyJhbGciOiJIUzI1NiJ9.eyJzdWIiOiJhc2h3YW5pIiwiaWF0IjoxNTkzMjM2ODc1LCJleHAiOjE1OTMyNjU2NzV9.2c_EOaBZziAjj0XPuGwbWpx0SpO5sFNA7oknTOnR9VI
2020-06-27 11:17:57,697 INFO com.ashwani.slambook.util.JWTUtil [http-nio-8080-exec-3] Key : javax.crypto.spec.SecretKeySpec@5886287
2020-06-27 11:17:57,713 INFO com.ashwani.slambook.implementer.UserServiceImplementer [http-nio-8080-exec-3] User fetched in GetUserDetails , User [id=1, firstname=Ashwani, lastname=Pandey, username=ashwani, createdAt=2020-06-13 16:03:12.378, updatedAt=null, isActive=1, roles=[], friends=[], mates=[]]
2020-06-27 11:17:57,733 INFO com.ashwani.slambook.intercepter.LoggingServiceImpl [http-nio-8080-exec-3] RESPONSE method=[POST] path=[/getuserdetails] responseHeaders=[{Access-Control-Allow-Origin=http://localhost:3000, Vary=Origin}] responseBody=[GetUserDetailsResponse [firstname=Ashwani, lastname=Pandey, slams=[Slam [id=7, owner=User [id=1, firstname=Ashwani, lastname=Pandey, username=ashwani, createdAt=2020-06-13 16:03:12.378, updatedAt=null, isActive=1, roles=[], friends=[], mates=[]], writer=User [id=5, firstname=Aman, lastname=Pandey, username=aman, createdAt=2020-06-25 22:58:49.817, updatedAt=null, isActive=1, roles=[], friends=[], mates=[]], title=slam by sahil, description=Slam By sahil, createdAt=2020-06-26 18:10:59.234]]]] 
2020-06-27 11:25:33,179 INFO org.springframework.boot.admin.SpringApplicationAdminMXBeanRegistrar$SpringApplicationAdmin [RMI TCP Connection(3)-127.0.0.1] Application shutdown requested.
2020-06-27 11:25:33,185 INFO org.springframework.scheduling.concurrent.ExecutorConfigurationSupport [RMI TCP Connection(3)-127.0.0.1] Shutting down ExecutorService 'applicationTaskExecutor'
2020-06-27 11:25:33,188 INFO org.springframework.orm.jpa.AbstractEntityManagerFactoryBean [RMI TCP Connection(3)-127.0.0.1] Closing JPA EntityManagerFactory for persistence unit 'default'
2020-06-27 11:25:33,192 INFO com.zaxxer.hikari.HikariDataSource [RMI TCP Connection(3)-127.0.0.1] HikariPool-1 - Shutdown initiated...
2020-06-27 11:25:33,201 INFO com.zaxxer.hikari.HikariDataSource [RMI TCP Connection(3)-127.0.0.1] HikariPool-1 - Shutdown completed.
